<?xml version="1.0" encoding="UTF-8"?>
<!-- Generated by org.testng.reporters.JUnitReportReporter -->
<testsuite skipped="0" hostname="DESKTOP-OHRQ1SA" name="test.java.PostRequestTest" tests="1" failures="0" timestamp="29 Jan 2018 12:11:15 GMT" time="12.767" errors="0">
  <testcase name="Post_Check" time="12.767" classname="test.java.PostRequestTest"/>
</testsuite> <!-- test.java.PostRequestTest -->
