<?xml version="1.0" encoding="UTF-8"?>
<!-- Generated by org.testng.reporters.JUnitReportReporter -->
<testsuite skipped="0" hostname="DESKTOP-OHRQ1SA" name="test.java.Api_Automation_Post" tests="1" failures="0" timestamp="05 Feb 2018 09:04:26 GMT" time="70.998" errors="0">
  <testcase name="Automation_test_POST" time="70.998" classname="test.java.Api_Automation_Post"/>
</testsuite> <!-- test.java.Api_Automation_Post -->
