<?xml version="1.0" encoding="UTF-8"?>
<!-- Generated by org.testng.reporters.JUnitReportReporter -->
<testsuite skipped="0" hostname="DESKTOP-OHRQ1SA" name="main.utils.ReadExcelUtil" tests="1" failures="0" timestamp="06 Feb 2018 09:53:27 GMT" time="82.950" errors="0">
  <testcase name="readExcelData" time="82.950" classname="main.utils.ReadExcelUtil"/>
</testsuite> <!-- main.utils.ReadExcelUtil -->
