<?xml version="1.0" encoding="UTF-8"?>
<!-- Generated by org.testng.reporters.JUnitReportReporter -->
<testsuite skipped="0" hostname="DESKTOP-OHRQ1SA" name="test.java.Test_PPD" tests="1" failures="0" timestamp="29 Jan 2018 11:41:39 GMT" time="5.941" errors="0">
  <testcase name="Put_Test" time="5.941" classname="test.java.Test_PPD"/>
</testsuite> <!-- test.java.Test_PPD -->
