<?xml version="1.0" encoding="UTF-8"?>
<!-- Generated by org.testng.reporters.JUnitReportReporter -->
<testsuite skipped="0" hostname="DESKTOP-OHRQ1SA" name="test.java.DeleteRequestTest" tests="1" failures="0" timestamp="25 Jan 2018 08:14:52 GMT" time="9.697" errors="0">
  <testcase name="Del_Check" time="9.697" classname="test.java.DeleteRequestTest"/>
</testsuite> <!-- test.java.DeleteRequestTest -->
