<?xml version="1.0" encoding="UTF-8"?>
<!-- Generated by org.testng.reporters.JUnitReportReporter -->
<testsuite skipped="0" hostname="DESKTOP-VEI9CNE" name="test.java.GETRequestVerification" tests="1" failures="0" timestamp="09 Jul 2018 10:18:58 GMT" time="0.590" errors="0">
  <testcase name="Api_automatio_Test" time="0.590" classname="test.java.GETRequestVerification"/>
</testsuite> <!-- test.java.GETRequestVerification -->
