<?xml version="1.0" encoding="UTF-8"?>
<!-- Generated by org.testng.reporters.JUnitReportReporter -->
<testsuite skipped="0" hostname="A164DESK" name="test.modules.profile.AddressTest" tests="1" failures="0" timestamp="12 Mar 2019 09:40:39 GMT" time="3.049" errors="0">
  <testcase name="verify_AddressApi" time="3.049" classname="test.modules.profile.AddressTest"/>
</testsuite> <!-- test.modules.profile.AddressTest -->
