<?xml version="1.0" encoding="UTF-8"?>
<!-- Generated by org.testng.reporters.JUnitReportReporter -->
<testsuite skipped="0" hostname="DESKTOP-OHRQ1SA" name="test.java.Api_Automation_Delete" tests="1" failures="0" timestamp="05 Feb 2018 08:51:22 GMT" time="8.062" errors="0">
  <testcase name="Api_automatio_Test_Delete" time="8.062" classname="test.java.Api_Automation_Delete"/>
</testsuite> <!-- test.java.Api_Automation_Delete -->
